[2026-02-10T21:51:52.958Z] GET /cart - tenantId: c692ca44-bcea-4963-bb47-73957dd8b929, sessionId: session-1770675654842, userId: none, host: localhost:3002, x-tenant-domain: asus130.kounworld.com
[2026-02-10T21:51:58.219Z] GET /cart - tenantId: c692ca44-bcea-4963-bb47-73957dd8b929, sessionId: session-1770675654842, userId: none, host: localhost:3002, x-tenant-domain: asus130.kounworld.com
[2026-02-10T21:52:18.536Z] GET /cart - tenantId: c692ca44-bcea-4963-bb47-73957dd8b929, sessionId: session-1770644427024-hgkfstxkh, userId: none, host: localhost:3002, x-tenant-domain: localhost
[2026-02-10T21:52:21.909Z] GET /cart - tenantId: c692ca44-bcea-4963-bb47-73957dd8b929, sessionId: session-1770644427024-hgkfstxkh, userId: 44c525a9a3bbea5f958553bd6fbaddca3185912602c08af49254ca4f9d7a1bd5516d94d6db718333167de15c5cc15f8506e88d1f7b3e6f81bfb7f5b7f670f5a34b36d552, host: localhost:3002, x-tenant-domain: localhost
[2026-02-10T21:52:22.380Z] GET /cart - tenantId: c692ca44-bcea-4963-bb47-73957dd8b929, sessionId: session-1770644427024-hgkfstxkh, userId: 44c525a9a3bbea5f958553bd6fbaddca3185912602c08af49254ca4f9d7a1bd5516d94d6db718333167de15c5cc15f8506e88d1f7b3e6f81bfb7f5b7f670f5a34b36d552, host: localhost:3002, x-tenant-domain: localhost
[2026-02-10T21:52:24.146Z] GET /cart - tenantId: c692ca44-bcea-4963-bb47-73957dd8b929, sessionId: session-1770644427024-hgkfstxkh, userId: 44c525a9a3bbea5f958553bd6fbaddca3185912602c08af49254ca4f9d7a1bd5516d94d6db718333167de15c5cc15f8506e88d1f7b3e6f81bfb7f5b7f670f5a34b36d552, host: localhost:3002, x-tenant-domain: localhost
[2026-02-10T21:53:44.131Z] POST /cart/items - tenantId: c692ca44-bcea-4963-bb47-73957dd8b929, sessionId: session-1770675654842, userId: none, productId: 9979220f-2524-4424-a3eb-05f54cab296f, host: localhost:3002, x-tenant-domain: asus130.kounworld.com
[2026-02-10T21:53:45.247Z] GET /cart - tenantId: c692ca44-bcea-4963-bb47-73957dd8b929, sessionId: session-1770675654842, userId: none, host: localhost:3002, x-tenant-domain: asus130.kounworld.com
[2026-02-10T21:53:46.955Z] GET /cart - tenantId: c692ca44-bcea-4963-bb47-73957dd8b929, sessionId: session-1770675654842, userId: none, host: localhost:3002, x-tenant-domain: asus130.kounworld.com
[2026-02-11T06:38:05.539Z] GET /cart - tenantId: default, sessionId: session-1770791884289-c2y39ukn3, userId: none, host: localhost:3002, x-tenant-domain: localhost
[2026-02-11T06:38:05.692Z] Cart Content - id: 3553b7b5-63ec-4665-81dc-1547e50813b1, tenantId: default, items: 0, sessionId: session-1770791884289-c2y39ukn3
[2026-02-11T06:38:08.095Z] GET /cart - tenantId: default, sessionId: session-1770791884289-c2y39ukn3, userId: none, host: localhost:3002, x-tenant-domain: localhost
[2026-02-11T06:38:10.336Z] GET /cart - tenantId: default, sessionId: session-1770791884289-c2y39ukn3, userId: none, host: localhost:3002, x-tenant-domain: localhost
[2026-02-11T06:39:07.954Z] GET /cart - tenantId: c692ca44-bcea-4963-bb47-73957dd8b929, sessionId: session-1770644427024-hgkfstxkh, userId: none, host: localhost:3002, x-tenant-domain: localhost
[2026-02-11T06:39:08.831Z] GET /cart - tenantId: c692ca44-bcea-4963-bb47-73957dd8b929, sessionId: session-1770644427024-hgkfstxkh, userId: 44c525a9a3bbea5f958553bd6fbaddca3185912602c08af49254ca4f9d7a1bd5516d94d6db718333167de15c5cc15f8506e88d1f7b3e6f81bfb7f5b7f670f5a34b36d552, host: localhost:3002, x-tenant-domain: localhost
[2026-02-11T06:39:22.116Z] GET /cart - tenantId: c692ca44-bcea-4963-bb47-73957dd8b929, sessionId: session-1770644427024-hgkfstxkh, userId: 44c525a9a3bbea5f958553bd6fbaddca3185912602c08af49254ca4f9d7a1bd5516d94d6db718333167de15c5cc15f8506e88d1f7b3e6f81bfb7f5b7f670f5a34b36d552, host: localhost:3002, x-tenant-domain: localhost
[2026-02-11T06:40:56.571Z] GET /cart - tenantId: c692ca44-bcea-4963-bb47-73957dd8b929, sessionId: session-1770644427024-hgkfstxkh, userId: 44c525a9a3bbea5f958553bd6fbaddca3185912602c08af49254ca4f9d7a1bd5516d94d6db718333167de15c5cc15f8506e88d1f7b3e6f81bfb7f5b7f670f5a34b36d552, host: localhost:3002, x-tenant-domain: localhost
[2026-02-11T06:41:04.487Z] GET /cart - tenantId: c692ca44-bcea-4963-bb47-73957dd8b929, sessionId: session-1770644427024-hgkfstxkh, userId: 44c525a9a3bbea5f958553bd6fbaddca3185912602c08af49254ca4f9d7a1bd5516d94d6db718333167de15c5cc15f8506e88d1f7b3e6f81bfb7f5b7f670f5a34b36d552, host: localhost:3002, x-tenant-domain: localhost
[2026-02-11T06:41:05.025Z] GET /cart - tenantId: c692ca44-bcea-4963-bb47-73957dd8b929, sessionId: session-1770644427024-hgkfstxkh, userId: 44c525a9a3bbea5f958553bd6fbaddca3185912602c08af49254ca4f9d7a1bd5516d94d6db718333167de15c5cc15f8506e88d1f7b3e6f81bfb7f5b7f670f5a34b36d552, host: localhost:3002, x-tenant-domain: localhost
[2026-02-11T06:41:32.201Z] GET /cart - tenantId: c692ca44-bcea-4963-bb47-73957dd8b929, sessionId: session-1770665824226-klqycnns1, userId: none, host: localhost:3002, x-tenant-domain: asus130.kounworld.com
[2026-02-11T06:41:32.211Z] Cart Content - id: 0a2f59e4-4ac1-4187-aab3-921f97e983da, tenantId: c692ca44-bcea-4963-bb47-73957dd8b929, items: 0, sessionId: session-1770665824226-klqycnns1
[2026-02-11T06:41:37.488Z] GET /cart - tenantId: c692ca44-bcea-4963-bb47-73957dd8b929, sessionId: session-1770665824226-klqycnns1, userId: none, host: localhost:3002, x-tenant-domain: asus130.kounworld.com
[2026-02-11T06:43:52.091Z] GET /cart - tenantId: c692ca44-bcea-4963-bb47-73957dd8b929, sessionId: session-1770675654842, userId: none, host: localhost:3002, x-tenant-domain: asus130.kounworld.com
[2026-02-11T06:43:53.490Z] GET /cart - tenantId: c692ca44-bcea-4963-bb47-73957dd8b929, sessionId: session-1770675654842, userId: none, host: localhost:3002, x-tenant-domain: asus130.kounworld.com
[2026-02-11T06:44:11.529Z] GET /cart - tenantId: c692ca44-bcea-4963-bb47-73957dd8b929, sessionId: session-1770675654842, userId: none, host: localhost:3002, x-tenant-domain: asus130.kounworld.com
[2026-02-11T07:10:58.216Z] GET /cart - tenantId: c692ca44-bcea-4963-bb47-73957dd8b929, sessionId: session-1770675654842, userId: none, host: localhost:3002, x-tenant-domain: asus130.kounworld.com
[2026-02-11T07:10:59.346Z] GET /cart - tenantId: c692ca44-bcea-4963-bb47-73957dd8b929, sessionId: session-1770675654842, userId: none, host: localhost:3002, x-tenant-domain: asus130.kounworld.com
[2026-02-11T07:11:07.087Z] GET /cart - tenantId: c692ca44-bcea-4963-bb47-73957dd8b929, sessionId: session-1770675654842, userId: none, host: localhost:3002, x-tenant-domain: asus130.kounworld.com
[2026-02-11T07:11:17.444Z] GET /cart - tenantId: c692ca44-bcea-4963-bb47-73957dd8b929, sessionId: session-1770644427024-hgkfstxkh, userId: none, host: localhost:3002, x-tenant-domain: localhost
[2026-02-11T07:11:18.320Z] GET /cart - tenantId: c692ca44-bcea-4963-bb47-73957dd8b929, sessionId: session-1770644427024-hgkfstxkh, userId: 44c525a9a3bbea5f958553bd6fbaddca3185912602c08af49254ca4f9d7a1bd5516d94d6db718333167de15c5cc15f8506e88d1f7b3e6f81bfb7f5b7f670f5a34b36d552, host: localhost:3002, x-tenant-domain: localhost
[2026-02-11T07:11:22.291Z] GET /cart - tenantId: c692ca44-bcea-4963-bb47-73957dd8b929, sessionId: session-1770644427024-hgkfstxkh, userId: 44c525a9a3bbea5f958553bd6fbaddca3185912602c08af49254ca4f9d7a1bd5516d94d6db718333167de15c5cc15f8506e88d1f7b3e6f81bfb7f5b7f670f5a34b36d552, host: localhost:3002, x-tenant-domain: localhost
[2026-02-11T07:19:17.496Z] GET /cart - tenantId: c692ca44-bcea-4963-bb47-73957dd8b929, sessionId: session-1770675654842, userId: none, host: localhost:3002, x-tenant-domain: asus130.kounworld.com
[2026-02-11T07:20:41.151Z] GET /cart - tenantId: c692ca44-bcea-4963-bb47-73957dd8b929, sessionId: session-1770675654842, userId: none, host: localhost:3002, x-tenant-domain: asus130.kounworld.com
[2026-02-11T07:21:35.460Z] GET /cart - tenantId: c692ca44-bcea-4963-bb47-73957dd8b929, sessionId: session-1770675654842, userId: none, host: localhost:3002, x-tenant-domain: asus130.kounworld.com
[2026-02-11T07:21:42.624Z] GET /cart - tenantId: c692ca44-bcea-4963-bb47-73957dd8b929, sessionId: session-1770675654842, userId: none, host: localhost:3002, x-tenant-domain: asus130.kounworld.com
[2026-02-11T07:21:50.224Z] GET /cart - tenantId: c692ca44-bcea-4963-bb47-73957dd8b929, sessionId: session-1770675654842, userId: none, host: localhost:3002, x-tenant-domain: asus130.kounworld.com
[2026-02-11T07:44:28.648Z] GET /cart - tenantId: c692ca44-bcea-4963-bb47-73957dd8b929, sessionId: session-1770675654842, userId: none, host: localhost:3002, x-tenant-domain: asus130.kounworld.com
[2026-02-11T07:44:30.294Z] GET /cart - tenantId: c692ca44-bcea-4963-bb47-73957dd8b929, sessionId: session-1770675654842, userId: none, host: localhost:3002, x-tenant-domain: asus130.kounworld.com
[2026-02-11T07:44:37.578Z] GET /cart - tenantId: c692ca44-bcea-4963-bb47-73957dd8b929, sessionId: session-1770675654842, userId: none, host: localhost:3002, x-tenant-domain: asus130.kounworld.com
[2026-02-11T07:55:37.892Z] GET /cart - tenantId: c692ca44-bcea-4963-bb47-73957dd8b929, sessionId: session-1770644427024-hgkfstxkh, userId: none, host: localhost:3002, x-tenant-domain: localhost
[2026-02-11T07:55:38.190Z] GET /cart - tenantId: c692ca44-bcea-4963-bb47-73957dd8b929, sessionId: session-1770644427024-hgkfstxkh, userId: 44c525a9a3bbea5f958553bd6fbaddca3185912602c08af49254ca4f9d7a1bd5516d94d6db718333167de15c5cc15f8506e88d1f7b3e6f81bfb7f5b7f670f5a34b36d552, host: localhost:3002, x-tenant-domain: localhost
[2026-02-11T08:00:36.134Z] GET /cart - tenantId: c692ca44-bcea-4963-bb47-73957dd8b929, sessionId: session-1770644427024-hgkfstxkh, userId: 44c525a9a3bbea5f958553bd6fbaddca3185912602c08af49254ca4f9d7a1bd5516d94d6db718333167de15c5cc15f8506e88d1f7b3e6f81bfb7f5b7f670f5a34b36d552, host: localhost:3002, x-tenant-domain: localhost
[2026-02-11T08:10:49.158Z] GET /cart - tenantId: c692ca44-bcea-4963-bb47-73957dd8b929, sessionId: session-1770675654842, userId: none, host: localhost:3002, x-tenant-domain: asus130.kounworld.com
[2026-02-11T08:10:56.844Z] GET /cart - tenantId: c692ca44-bcea-4963-bb47-73957dd8b929, sessionId: session-1770675654842, userId: none, host: localhost:3002, x-tenant-domain: asus130.kounworld.com
[2026-02-11T08:11:17.263Z] GET /cart - tenantId: c692ca44-bcea-4963-bb47-73957dd8b929, sessionId: session-1770675654842, userId: none, host: localhost:3002, x-tenant-domain: asus130.kounworld.com
[2026-02-11T08:27:27.028Z] GET /cart - tenantId: c692ca44-bcea-4963-bb47-73957dd8b929, sessionId: session-1770644427024-hgkfstxkh, userId: none, host: localhost:3002, x-tenant-domain: localhost
[2026-02-11T08:27:27.908Z] GET /cart - tenantId: c692ca44-bcea-4963-bb47-73957dd8b929, sessionId: session-1770644427024-hgkfstxkh, userId: 44c525a9a3bbea5f958553bd6fbaddca3185912602c08af49254ca4f9d7a1bd5516d94d6db718333167de15c5cc15f8506e88d1f7b3e6f81bfb7f5b7f670f5a34b36d552, host: localhost:3002, x-tenant-domain: localhost
[2026-02-11T08:29:31.605Z] GET /cart - tenantId: c692ca44-bcea-4963-bb47-73957dd8b929, sessionId: session-1770675654842, userId: none, host: localhost:3002, x-tenant-domain: asus130.kounworld.com
[2026-02-11T08:29:36.489Z] GET /cart - tenantId: c692ca44-bcea-4963-bb47-73957dd8b929, sessionId: session-1770675654842, userId: none, host: localhost:3002, x-tenant-domain: asus130.kounworld.com
[2026-02-11T08:44:26.460Z] GET /cart - tenantId: c692ca44-bcea-4963-bb47-73957dd8b929, sessionId: session-1770675654842, userId: none, host: localhost:3002, x-tenant-domain: asus130.kounworld.com
[2026-02-11T08:47:01.545Z] GET /cart - tenantId: c692ca44-bcea-4963-bb47-73957dd8b929, sessionId: session-1770644427024-hgkfstxkh, userId: none, host: localhost:3002, x-tenant-domain: localhost
[2026-02-11T08:47:03.086Z] GET /cart - tenantId: c692ca44-bcea-4963-bb47-73957dd8b929, sessionId: session-1770644427024-hgkfstxkh, userId: 44c525a9a3bbea5f958553bd6fbaddca3185912602c08af49254ca4f9d7a1bd5516d94d6db718333167de15c5cc15f8506e88d1f7b3e6f81bfb7f5b7f670f5a34b36d552, host: localhost:3002, x-tenant-domain: localhost
[2026-02-11T09:01:39.496Z] GET /cart - tenantId: c692ca44-bcea-4963-bb47-73957dd8b929, sessionId: session-1770644427024-hgkfstxkh, userId: 44c525a9a3bbea5f958553bd6fbaddca3185912602c08af49254ca4f9d7a1bd5516d94d6db718333167de15c5cc15f8506e88d1f7b3e6f81bfb7f5b7f670f5a34b36d552, host: localhost:3002, x-tenant-domain: localhost
[2026-02-11T09:12:41.818Z] GET /cart - tenantId: c692ca44-bcea-4963-bb47-73957dd8b929, sessionId: session-1770644427024-hgkfstxkh, userId: none, host: localhost:3002, x-tenant-domain: localhost
[2026-02-11T09:12:42.605Z] GET /cart - tenantId: c692ca44-bcea-4963-bb47-73957dd8b929, sessionId: session-1770644427024-hgkfstxkh, userId: 44c525a9a3bbea5f958553bd6fbaddca3185912602c08af49254ca4f9d7a1bd5516d94d6db718333167de15c5cc15f8506e88d1f7b3e6f81bfb7f5b7f670f5a34b36d552, host: localhost:3002, x-tenant-domain: localhost
[2026-02-11T09:51:28.724Z] GET /cart - tenantId: c692ca44-bcea-4963-bb47-73957dd8b929, sessionId: session-1770644427024-hgkfstxkh, userId: none, host: localhost:3002, x-tenant-domain: localhost
[2026-02-11T09:51:29.508Z] GET /cart - tenantId: c692ca44-bcea-4963-bb47-73957dd8b929, sessionId: session-1770644427024-hgkfstxkh, userId: 44c525a9a3bbea5f958553bd6fbaddca3185912602c08af49254ca4f9d7a1bd5516d94d6db718333167de15c5cc15f8506e88d1f7b3e6f81bfb7f5b7f670f5a34b36d552, host: localhost:3002, x-tenant-domain: localhost
[2026-02-11T09:51:32.162Z] GET /cart - tenantId: c692ca44-bcea-4963-bb47-73957dd8b929, sessionId: session-1770644427024-hgkfstxkh, userId: 44c525a9a3bbea5f958553bd6fbaddca3185912602c08af49254ca4f9d7a1bd5516d94d6db718333167de15c5cc15f8506e88d1f7b3e6f81bfb7f5b7f670f5a34b36d552, host: localhost:3002, x-tenant-domain: localhost
[2026-02-11T09:51:35.503Z] GET /cart - tenantId: c692ca44-bcea-4963-bb47-73957dd8b929, sessionId: session-1770644427024-hgkfstxkh, userId: 44c525a9a3bbea5f958553bd6fbaddca3185912602c08af49254ca4f9d7a1bd5516d94d6db718333167de15c5cc15f8506e88d1f7b3e6f81bfb7f5b7f670f5a34b36d552, host: localhost:3002, x-tenant-domain: localhost
[2026-02-11T09:52:13.251Z] GET /cart - tenantId: c692ca44-bcea-4963-bb47-73957dd8b929, sessionId: session-1770644427024-hgkfstxkh, userId: 44c525a9a3bbea5f958553bd6fbaddca3185912602c08af49254ca4f9d7a1bd5516d94d6db718333167de15c5cc15f8506e88d1f7b3e6f81bfb7f5b7f670f5a34b36d552, host: localhost:3002, x-tenant-domain: localhost
[2026-02-11T09:53:47.880Z] GET /cart - tenantId: default, sessionId: session-1770644427024-hgkfstxkh, userId: none, host: localhost:3002, x-tenant-domain: localhost
[2026-02-11T09:53:47.914Z] Cart Content - id: 6a7df4c1-49a7-4ea0-9c56-0854b5333055, tenantId: default, items: 0, sessionId: session-1770644427024-hgkfstxkh
[2026-02-11T09:53:51.014Z] GET /cart - tenantId: default, sessionId: session-1770644427024-hgkfstxkh, userId: none, host: localhost:3002, x-tenant-domain: localhost
[2026-02-11T09:59:20.715Z] GET /cart - tenantId: c692ca44-bcea-4963-bb47-73957dd8b929, sessionId: session-1770644427024-hgkfstxkh, userId: none, host: localhost:3002, x-tenant-domain: localhost
[2026-02-11T09:59:20.747Z] Cart Content - id: c629ea23-4dca-4028-af44-aa7808ad27af, tenantId: c692ca44-bcea-4963-bb47-73957dd8b929, items: 0, sessionId: session-1770644427024-hgkfstxkh
[2026-02-11T10:00:14.514Z] GET /cart - tenantId: default, sessionId: session-1770644427024-hgkfstxkh, userId: none, host: localhost:3002, x-tenant-domain: localhost
[2026-02-11T10:00:14.542Z] Cart Content - id: 6a7df4c1-49a7-4ea0-9c56-0854b5333055, tenantId: default, items: 0, sessionId: session-1770644427024-hgkfstxkh
[2026-02-11T10:03:44.980Z] GET /cart - tenantId: default, sessionId: session-1770644427024-hgkfstxkh, userId: none, host: localhost:3002, x-tenant-domain: localhost
[2026-02-11T10:10:18.143Z] GET /cart - tenantId: c692ca44-bcea-4963-bb47-73957dd8b929, sessionId: session-1770644427024-hgkfstxkh, userId: none, host: localhost:3002, x-tenant-domain: localhost
[2026-02-11T10:10:18.361Z] Cart Content - id: c629ea23-4dca-4028-af44-aa7808ad27af, tenantId: c692ca44-bcea-4963-bb47-73957dd8b929, items: 0, sessionId: session-1770644427024-hgkfstxkh
[2026-02-11T10:17:59.467Z] GET /cart - tenantId: default, sessionId: session-1770644427024-hgkfstxkh, userId: none, host: localhost:3002, x-tenant-domain: localhost
[2026-02-11T10:17:59.544Z] Cart Content - id: 6a7df4c1-49a7-4ea0-9c56-0854b5333055, tenantId: default, items: 0, sessionId: session-1770644427024-hgkfstxkh
[2026-02-11T10:30:01.642Z] GET /cart - tenantId: default, sessionId: session-1770644427024-hgkfstxkh, userId: 8a323acc-79ad-4f69-9d8d-11e992477838, host: localhost:3002, x-tenant-domain: localhost
[2026-02-11T10:30:13.133Z] GET /cart - tenantId: 88baa4caa0bd2d7528671b11130d1ea0d892a53f313c156681cbdbbc239db0c16d99d59aa011b69b1abba5050dc81aaa6ed9, sessionId: session-1770644427024-hgkfstxkh, userId: 8a323acc-79ad-4f69-9d8d-11e992477838, host: localhost:3002, x-tenant-domain: localhost
[2026-02-11T10:30:52.472Z] GET /cart - tenantId: bb939c87-b661-4758-b91d-ee15efd1d0b3, sessionId: session-1770644427024-hgkfstxkh, userId: 8a323acc-79ad-4f69-9d8d-11e992477838, host: localhost:3002, x-tenant-domain: localhost
[2026-02-11T10:30:54.852Z] GET /cart - tenantId: bb939c87-b661-4758-b91d-ee15efd1d0b3, sessionId: session-1770644427024-hgkfstxkh, userId: 8a323acc-79ad-4f69-9d8d-11e992477838, host: localhost:3002, x-tenant-domain: localhost
[2026-02-11T10:41:33.953Z] GET /cart - tenantId: bb939c87-b661-4758-b91d-ee15efd1d0b3, sessionId: session-1770644427024-hgkfstxkh, userId: 8a323acc-79ad-4f69-9d8d-11e992477838, host: localhost:3002, x-tenant-domain: localhost
[2026-02-11T10:41:34.240Z] Cart Content - id: 80bac49e-78e5-42b2-8985-fdad6a408b76, tenantId: bb939c87-b661-4758-b91d-ee15efd1d0b3, items: 0, sessionId: session-1770644427024-hgkfstxkh
[2026-02-11T10:41:35.010Z] GET /cart - tenantId: bb939c87-b661-4758-b91d-ee15efd1d0b3, sessionId: session-1770644427024-hgkfstxkh, userId: 8a323acc-79ad-4f69-9d8d-11e992477838, host: localhost:3002, x-tenant-domain: localhost
[2026-02-11T10:42:11.236Z] GET /cart - tenantId: bb939c87-b661-4758-b91d-ee15efd1d0b3, sessionId: session-1770644427024-hgkfstxkh, userId: 8a323acc-79ad-4f69-9d8d-11e992477838, host: localhost:3002, x-tenant-domain: localhost
[2026-02-11T10:46:04.091Z] GET /cart - tenantId: bb939c87-b661-4758-b91d-ee15efd1d0b3, sessionId: session-1770644427024-hgkfstxkh, userId: 8a323acc-79ad-4f69-9d8d-11e992477838, host: localhost:3002, x-tenant-domain: localhost
[2026-02-11T10:47:10.022Z] GET /cart - tenantId: bb939c87-b661-4758-b91d-ee15efd1d0b3, sessionId: session-1770644427024-hgkfstxkh, userId: 8a323acc-79ad-4f69-9d8d-11e992477838, host: localhost:3002, x-tenant-domain: localhost
[2026-02-11T10:50:34.224Z] GET /cart - tenantId: bb939c87-b661-4758-b91d-ee15efd1d0b3, sessionId: session-1770644427024-hgkfstxkh, userId: 8a323acc-79ad-4f69-9d8d-11e992477838, host: localhost:3002, x-tenant-domain: localhost
[2026-02-11T10:50:35.354Z] GET /cart - tenantId: bb939c87-b661-4758-b91d-ee15efd1d0b3, sessionId: session-1770644427024-hgkfstxkh, userId: 8a323acc-79ad-4f69-9d8d-11e992477838, host: localhost:3002, x-tenant-domain: localhost
[2026-02-11T10:51:58.322Z] GET /cart - tenantId: bb939c87-b661-4758-b91d-ee15efd1d0b3, sessionId: session-1770644427024-hgkfstxkh, userId: 8a323acc-79ad-4f69-9d8d-11e992477838, host: localhost:3002, x-tenant-domain: localhost
[2026-02-11T10:52:01.917Z] GET /cart - tenantId: bb939c87-b661-4758-b91d-ee15efd1d0b3, sessionId: session-1770644427024-hgkfstxkh, userId: 8a323acc-79ad-4f69-9d8d-11e992477838, host: localhost:3002, x-tenant-domain: localhost
[2026-02-11T10:52:32.529Z] GET /cart - tenantId: bb939c87-b661-4758-b91d-ee15efd1d0b3, sessionId: session-1765883911077, userId: none, host: localhost:3002, x-tenant-domain: asus.kounworld.com
[2026-02-11T10:52:32.693Z] Cart Content - id: 538f0bdb-0355-487c-a4d8-3da7feb4719b, tenantId: bb939c87-b661-4758-b91d-ee15efd1d0b3, items: 0, sessionId: session-1765883911077
[2026-02-11T10:52:35.359Z] GET /cart - tenantId: bb939c87-b661-4758-b91d-ee15efd1d0b3, sessionId: session-1765883911077, userId: none, host: localhost:3002, x-tenant-domain: asus.kounworld.com
[2026-02-11T10:53:15.028Z] GET /cart - tenantId: bb939c87-b661-4758-b91d-ee15efd1d0b3, sessionId: session-1770644427024-hgkfstxkh, userId: 8a323acc-79ad-4f69-9d8d-11e992477838, host: localhost:3002, x-tenant-domain: localhost
[2026-02-11T10:53:57.401Z] GET /cart - tenantId: bb939c87-b661-4758-b91d-ee15efd1d0b3, sessionId: session-1765883911077, userId: none, host: localhost:3002, x-tenant-domain: asus.kounworld.com
[2026-02-11T10:55:14.743Z] GET /cart - tenantId: bb939c87-b661-4758-b91d-ee15efd1d0b3, sessionId: session-1765883911077, userId: none, host: localhost:3002, x-tenant-domain: asus.kounworld.com
[2026-02-11T10:57:22.652Z] GET /cart - tenantId: bb939c87-b661-4758-b91d-ee15efd1d0b3, sessionId: session-1765883911077, userId: none, host: localhost:3002, x-tenant-domain: asus.kounworld.com
[2026-02-11T10:57:36.193Z] GET /cart - tenantId: bb939c87-b661-4758-b91d-ee15efd1d0b3, sessionId: session-1765883911077, userId: none, host: localhost:3002, x-tenant-domain: asus.kounworld.com
[2026-02-11T10:57:44.330Z] GET /cart - tenantId: bb939c87-b661-4758-b91d-ee15efd1d0b3, sessionId: session-1765883911077, userId: none, host: localhost:3002, x-tenant-domain: asus.kounworld.com
[2026-02-11T10:58:13.369Z] GET /cart - tenantId: bb939c87-b661-4758-b91d-ee15efd1d0b3, sessionId: session-1765883911077, userId: none, host: localhost:3002, x-tenant-domain: asus.kounworld.com
[2026-02-11T11:00:22.556Z] GET /cart - tenantId: bb939c87-b661-4758-b91d-ee15efd1d0b3, sessionId: session-1770644427024-hgkfstxkh, userId: 8a323acc-79ad-4f69-9d8d-11e992477838, host: localhost:3002, x-tenant-domain: localhost
[2026-02-11T11:02:29.707Z] GET /cart - tenantId: bb939c87-b661-4758-b91d-ee15efd1d0b3, sessionId: session-1765883911077, userId: none, host: localhost:3002, x-tenant-domain: asus.kounworld.com
[2026-02-11T11:03:30.101Z] GET /cart - tenantId: bb939c87-b661-4758-b91d-ee15efd1d0b3, sessionId: session-1770644427024-hgkfstxkh, userId: 8a323acc-79ad-4f69-9d8d-11e992477838, host: localhost:3002, x-tenant-domain: localhost
[2026-02-11T11:03:31.818Z] GET /cart - tenantId: bb939c87-b661-4758-b91d-ee15efd1d0b3, sessionId: session-1770644427024-hgkfstxkh, userId: 8a323acc-79ad-4f69-9d8d-11e992477838, host: localhost:3002, x-tenant-domain: localhost
[2026-02-11T11:03:41.151Z] GET /cart - tenantId: default, sessionId: session-1770644427024-hgkfstxkh, userId: none, host: localhost:3002, x-tenant-domain: localhost
[2026-02-11T11:03:41.194Z] Cart Content - id: 6a7df4c1-49a7-4ea0-9c56-0854b5333055, tenantId: default, items: 0, sessionId: session-1770644427024-hgkfstxkh
[2026-02-11T11:03:43.797Z] GET /cart - tenantId: bb939c87-b661-4758-b91d-ee15efd1d0b3, sessionId: session-1770644427024-hgkfstxkh, userId: 8a323acc-79ad-4f69-9d8d-11e992477838, host: localhost:3002, x-tenant-domain: localhost
[2026-02-11T11:03:43.857Z] Cart Content - id: 80bac49e-78e5-42b2-8985-fdad6a408b76, tenantId: bb939c87-b661-4758-b91d-ee15efd1d0b3, items: 0, sessionId: session-1770644427024-hgkfstxkh
[2026-02-11T11:08:09.547Z] GET /cart - tenantId: bb939c87-b661-4758-b91d-ee15efd1d0b3, sessionId: session-1770644427024-hgkfstxkh, userId: 8a323acc-79ad-4f69-9d8d-11e992477838, host: localhost:3002, x-tenant-domain: localhost
[2026-02-11T11:08:10.413Z] GET /cart - tenantId: bb939c87-b661-4758-b91d-ee15efd1d0b3, sessionId: session-1770644427024-hgkfstxkh, userId: 8a323acc-79ad-4f69-9d8d-11e992477838, host: localhost:3002, x-tenant-domain: localhost
[2026-02-11T11:09:22.267Z] GET /cart - tenantId: 88baa4caa0bd2d7528671b11130d1ea0d892a53f313c156681cbdbbc239db0c16d99d59aa011b69b1abba5050dc81aaa6ed9, sessionId: session-1770644427024-hgkfstxkh, userId: 8a323acc-79ad-4f69-9d8d-11e992477838, host: localhost:3002, x-tenant-domain: localhost
[2026-02-11T11:09:24.534Z] GET /cart - tenantId: 88baa4caa0bd2d7528671b11130d1ea0d892a53f313c156681cbdbbc239db0c16d99d59aa011b69b1abba5050dc81aaa6ed9, sessionId: session-1770644427024-hgkfstxkh, userId: 8a323acc-79ad-4f69-9d8d-11e992477838, host: localhost:3002, x-tenant-domain: localhost
[2026-02-11T11:09:27.592Z] GET /cart - tenantId: bb939c87-b661-4758-b91d-ee15efd1d0b3, sessionId: session-1770644427024-hgkfstxkh, userId: 8a323acc-79ad-4f69-9d8d-11e992477838, host: localhost:3002, x-tenant-domain: localhost
[2026-02-11T11:09:27.636Z] Cart Content - id: 80bac49e-78e5-42b2-8985-fdad6a408b76, tenantId: bb939c87-b661-4758-b91d-ee15efd1d0b3, items: 0, sessionId: session-1770644427024-hgkfstxkh
[2026-02-11T11:15:01.602Z] GET /cart - tenantId: bb939c87-b661-4758-b91d-ee15efd1d0b3, sessionId: session-1770644427024-hgkfstxkh, userId: 8a323acc-79ad-4f69-9d8d-11e992477838, host: localhost:3002, x-tenant-domain: localhost
[2026-02-11T11:16:54.864Z] GET /cart - tenantId: bb939c87-b661-4758-b91d-ee15efd1d0b3, sessionId: session-1770644427024-hgkfstxkh, userId: 8a323acc-79ad-4f69-9d8d-11e992477838, host: localhost:3002, x-tenant-domain: localhost
[2026-02-11T11:17:05.430Z] GET /cart - tenantId: bb939c87-b661-4758-b91d-ee15efd1d0b3, sessionId: session-1765883911077, userId: none, host: localhost:3002, x-tenant-domain: asus.kounworld.com
[2026-02-11T11:20:07.153Z] GET /cart - tenantId: bb939c87-b661-4758-b91d-ee15efd1d0b3, sessionId: session-1765883911077, userId: none, host: localhost:3002, x-tenant-domain: asus.kounworld.com
[2026-02-11T11:26:01.571Z] GET /cart - tenantId: bb939c87-b661-4758-b91d-ee15efd1d0b3, sessionId: session-1770644427024-hgkfstxkh, userId: 8a323acc-79ad-4f69-9d8d-11e992477838, host: localhost:3002, x-tenant-domain: localhost
[2026-02-11T11:26:13.940Z] POST /cart/items - tenantId: bb939c87-b661-4758-b91d-ee15efd1d0b3, sessionId: session-1765883911077, userId: none, productId: f00ed7e4-3b55-414b-94cb-ce542ece6a92, host: localhost:3002, x-tenant-domain: asus.kounworld.com
[2026-02-11T11:26:15.191Z] GET /cart - tenantId: bb939c87-b661-4758-b91d-ee15efd1d0b3, sessionId: session-1765883911077, userId: none, host: localhost:3002, x-tenant-domain: asus.kounworld.com
[2026-02-11T11:26:16.076Z] POST /cart/items - tenantId: bb939c87-b661-4758-b91d-ee15efd1d0b3, sessionId: session-1765883911077, userId: none, productId: f00ed7e4-3b55-414b-94cb-ce542ece6a92, host: localhost:3002, x-tenant-domain: asus.kounworld.com
[2026-02-11T11:26:17.214Z] GET /cart - tenantId: bb939c87-b661-4758-b91d-ee15efd1d0b3, sessionId: session-1765883911077, userId: none, host: localhost:3002, x-tenant-domain: asus.kounworld.com
[2026-02-11T11:26:25.375Z] POST /cart/items - tenantId: bb939c87-b661-4758-b91d-ee15efd1d0b3, sessionId: session-1765883911077, userId: none, productId: f00ed7e4-3b55-414b-94cb-ce542ece6a92, host: localhost:3002, x-tenant-domain: asus.kounworld.com
[2026-02-11T11:26:26.606Z] GET /cart - tenantId: bb939c87-b661-4758-b91d-ee15efd1d0b3, sessionId: session-1765883911077, userId: none, host: localhost:3002, x-tenant-domain: asus.kounworld.com
[2026-02-11T11:26:32.696Z] POST /cart/items - tenantId: bb939c87-b661-4758-b91d-ee15efd1d0b3, sessionId: session-1765883911077, userId: none, productId: f00ed7e4-3b55-414b-94cb-ce542ece6a92, host: localhost:3002, x-tenant-domain: asus.kounworld.com
[2026-02-11T11:26:33.820Z] GET /cart - tenantId: bb939c87-b661-4758-b91d-ee15efd1d0b3, sessionId: session-1765883911077, userId: none, host: localhost:3002, x-tenant-domain: asus.kounworld.com
[2026-02-11T11:29:48.216Z] POST /cart/items - tenantId: bb939c87-b661-4758-b91d-ee15efd1d0b3, sessionId: session-1765883911077, userId: none, productId: f00ed7e4-3b55-414b-94cb-ce542ece6a92, host: localhost:3002, x-tenant-domain: asus.kounworld.com
[2026-02-11T11:29:49.324Z] GET /cart - tenantId: bb939c87-b661-4758-b91d-ee15efd1d0b3, sessionId: session-1765883911077, userId: none, host: localhost:3002, x-tenant-domain: asus.kounworld.com
